〖太上老君说常清静经〗
江山雪
老君曰：大道无形，生育天地；
纯则粹 阳则刚
大道无情，运行日月；
天行健 两仪遵道恒长
大道无名，长养万物；
故有长久者不自生方长生之讲
吾不知其名，强名曰道。
百丈峰 松如浪
夫道者：有清有浊，有动有静；
地势坤 厚德载物之像
天清地浊，天动地静。
故君子 不争炎凉
男清女浊，男动女静。
纯则粹 阳则刚
降本流末，而生万物。
天行健 两仪遵道恒长
清者浊之源，动者静之基。
故有长久者不自生方长生之讲
人能常清静，天地悉皆归。
百丈峰 松如浪
夫人神好清，而心扰之；
地势坤 厚德载物之像
人心好静，而欲牵之。
故君子 不争炎凉
常能遣其欲，而心自静，澄其心而神自清。
混沌开 分阴阳
自然六欲不生，三毒消灭。
轮转更迭万物始苍苍
所以不能者，为心未澄，欲未遣也。
观其微妙于九天之下六合八荒
能遣之者，内观其心，心无其心；
自春生 入秋藏
外观其形，形无其形；
天之道四时更迭有常
远观其物，物无其物。 
若有常为何晨曦比这夜还凉
三者既悟，唯见於空；
若无常 为何我总会想
观空亦空，空无所空；
与你 守月满空山雪照窗
所空既无，无无亦无；
大道无常 生育天地
无无既无，湛然常寂；
大道无情 运行日月
寂无所寂，欲岂能生？
大道无名 长养万物
欲既不生，即是真静。
一念坐忘 趁月光
真常应物，真常得性；
听清风追逐流云缠绵飞舞的痴狂
常应常静，常清静矣。
交错的刹那 生怕泄露心头沉沦的慌
如此清静，渐入真道；
微漾
既入真道，名为得道，
吾不知其名 强名曰道
虽名得道，实无所得；
夫道者 有清有浊 有动有静
为化众生，名为得道；
天清地浊 天动地静
能悟之者，可传圣道。
降本流末 而生万物
老君曰：上士无争，下士好争；
清者 浊之源 冻者 静之基
上德不德，下德执德。
人能长清净 天地悉皆归
执著之者，不名道德。
未曾忘 蒙昧时授我出世方
众生所以不得真道者，为有妄心。
君却重人尘浪
既有妄心，即惊其神；
如何渡暖意 才能化尽你眼底
既惊其神，即著万物；
千山月下霜
既著万物，即生贪求；
将眷恋深藏
即生贪求，即是烦恼。
挥剑 斩痴念万丈
烦恼妄想，忧苦身心。
已决意相忘
但遭浊辱。
却 输给回眸一望
流浪生死，常沉苦海，永失真道。
曲中全 直藏枉
真常之道，悟者自得，
盛世于斯须间兴亡
得悟道者，常清静矣。
有谁能与天数相抗
仙人葛翁曰：吾得真道，曾诵此经万遍。
逆转世态炎凉
此经是天人所习，不传下士。
都说
吾昔受之于东华帝君，
心欲静 更难放
东华帝君受之于金阙帝君，
何时起光阴 与心意
金阙帝君受子于西王母。
放纵如 白驹
西王母皆口口相传，不记文字。
不肯收缰
吾今于世，书而录之。
情不敢至深 恐大梦一场
上士悟之，升为天官；
卦不敢算尽 畏天道无常
中士修之，南宫列仙；
时有序 世沧桑
下士得之，在世长年。
天地将顷时谁保 谁无恙
游行三界，升入金门。
指上诀 年年人心藏
左玄真人曰：学道之士，持诵此经，
君为刃 吾便以此身 为盾防
即得十天善神，拥护其神。
仗剑镇山河护 你无恙
然后玉符保神，金液炼形。
别忘。
形神俱妙，与道合真。  
～完~